# JRE version: OpenJDK Runtime Environment Temurin-17.0.8.1+1 (17.0.8.1+1) (build 17.0.8.1+1)
# Java VM: OpenJDK 64-Bit Server VM Temurin-17.0.8.1+1 (17.0.8.1+1, mixed mode, tiered, compressed oops, compressed class ptrs, g1 gc, windows-amd64)
GC Precious Log:
 CPUs: 8 total, 8 available
 Memory: 16228M
 Large Page Support: Disabled
 NUMA Support: Disabled
 Compressed Oops: Enabled (Zero based)
 Heap Region Size: 2M
 Heap Min Capacity: 8M
 Heap Initial Capacity: 254M
 Heap Max Capacity: 4058M
 Pre-touch: Disabled
 Parallel Workers: 8
 Concurrent Workers: 2
 Concurrent Refinement Workers: 8
 Periodic GC: Disabled
Heap:
 garbage-first heap   total 172032K, used 106865K [0x0000000702600000, 0x0000000800000000)
  region size 2048K, 28 young (57344K), 3 survivors (6144K)
 Metaspace       used 128264K, committed 130048K, reserved 1179648K
  class space    used 14798K, committed 15744K, reserved 1048576K
GC Heap History (20 events):
Event: 815.321 GC heap before
{Heap before GC invocations=140 (full 43):
 garbage-first heap   total 163840K, used 123893K [0x0000000702600000, 0x0000000800000000)
  region size 2048K, 39 young (79872K), 0 survivors (0K)
 Metaspace       used 122678K, committed 124480K, reserved 1179648K
  class space    used 14248K, committed 15168K, reserved 1048576K
}
Event: 815.325 GC heap after
{Heap after GC invocations=141 (full 43):
 garbage-first heap   total 163840K, used 52500K [0x0000000702600000, 0x0000000800000000)
  region size 2048K, 4 young (8192K), 4 survivors (8192K)
 Metaspace       used 122678K, committed 124480K, reserved 1179648K
  class space    used 14248K, committed 15168K, reserved 1048576K
}
Event: 816.855 GC heap before
{Heap before GC invocations=141 (full 43):
 garbage-first heap   total 163840K, used 75028K [0x0000000702600000, 0x0000000800000000)
  region size 2048K, 16 young (32768K), 4 survivors (8192K)
 Metaspace       used 122744K, committed 124544K, reserved 1179648K
  class space    used 14253K, committed 15168K, reserved 1048576K
}
Event: 816.915 GC heap after
{Heap after GC invocations=142 (full 44):
 garbage-first heap   total 163840K, used 46459K [0x0000000702600000, 0x0000000800000000)
  region size 2048K, 0 young (0K), 0 survivors (0K)
 Metaspace       used 122726K, committed 124544K, reserved 1179648K
  class space    used 14252K, committed 15168K, reserved 1048576K
}
Event: 817.440 GC heap before
{Heap before GC invocations=142 (full 44):
 garbage-first heap   total 163840K, used 124283K [0x0000000702600000, 0x0000000800000000)
  region size 2048K, 38 young (77824K), 0 survivors (0K)
 Metaspace       used 123257K, committed 125120K, reserved 1179648K
  class space    used 14303K, committed 15232K, reserved 1048576K
}
Event: 817.445 GC heap after
{Heap after GC invocations=143 (full 44):
 garbage-first heap   total 196608K, used 52751K [0x0000000702600000, 0x0000000800000000)
  region size 2048K, 4 young (8192K), 4 survivors (8192K)
 Metaspace       used 123257K, committed 125120K, reserved 1179648K
  class space    used 14303K, committed 15232K, reserved 1048576K
}
Event: 850.532 GC heap before
{Heap before GC invocations=143 (full 44):
 garbage-first heap   total 196608K, used 79375K [0x0000000702600000, 0x0000000800000000)
  region size 2048K, 18 young (36864K), 4 survivors (8192K)
 Metaspace       used 123327K, committed 125184K, reserved 1179648K
  class space    used 14308K, committed 15232K, reserved 1048576K
}
Event: 850.592 GC heap after
{Heap after GC invocations=144 (full 45):
 garbage-first heap   total 172032K, used 46836K [0x0000000702600000, 0x0000000800000000)
  region size 2048K, 0 young (0K), 0 survivors (0K)
 Metaspace       used 123308K, committed 125184K, reserved 1179648K
  class space    used 14307K, committed 15232K, reserved 1048576K
}
Event: 851.150 GC heap before
{Heap before GC invocations=144 (full 45):
 garbage-first heap   total 172032K, used 128756K [0x0000000702600000, 0x0000000800000000)
  region size 2048K, 41 young (83968K), 0 survivors (0K)
 Metaspace       used 123832K, committed 125696K, reserved 1179648K
  class space    used 14357K, committed 15296K, reserved 1048576K
}
Event: 851.154 GC heap after
{Heap after GC invocations=145 (full 45):
 garbage-first heap   total 172032K, used 53702K [0x0000000702600000, 0x0000000800000000)
  region size 2048K, 4 young (8192K), 4 survivors (8192K)
 Metaspace       used 123832K, committed 125696K, reserved 1179648K
  class space    used 14357K, committed 15296K, reserved 1048576K
}
Event: 863.876 GC heap before
{Heap before GC invocations=145 (full 45):
 garbage-first heap   total 172032K, used 72134K [0x0000000702600000, 0x0000000800000000)
  region size 2048K, 14 young (28672K), 4 survivors (8192K)
 Metaspace       used 123904K, committed 125760K, reserved 1179648K
  class space    used 14362K, committed 15296K, reserved 1048576K
}
Event: 863.934 GC heap after
{Heap after GC invocations=146 (full 46):
 garbage-first heap   total 172032K, used 47206K [0x0000000702600000, 0x0000000800000000)
  region size 2048K, 0 young (0K), 0 survivors (0K)
 Metaspace       used 123885K, committed 125760K, reserved 1179648K
  class space    used 14361K, committed 15296K, reserved 1048576K
}
Event: 864.463 GC heap before
{Heap before GC invocations=146 (full 46):
 garbage-first heap   total 172032K, used 127078K [0x0000000702600000, 0x0000000800000000)
  region size 2048K, 40 young (81920K), 0 survivors (0K)
 Metaspace       used 124426K, committed 126272K, reserved 1179648K
  class space    used 14412K, committed 15360K, reserved 1048576K
}
Event: 864.466 GC heap after
{Heap after GC invocations=147 (full 46):
 garbage-first heap   total 172032K, used 54116K [0x0000000702600000, 0x0000000800000000)
  region size 2048K, 4 young (8192K), 4 survivors (8192K)
 Metaspace       used 124426K, committed 126272K, reserved 1179648K
  class space    used 14412K, committed 15360K, reserved 1048576K
}
Event: 1261.045 GC heap before
{Heap before GC invocations=147 (full 46):
 garbage-first heap   total 172032K, used 125796K [0x0000000702600000, 0x0000000800000000)
  region size 2048K, 40 young (81920K), 4 survivors (8192K)
 Metaspace       used 126299K, committed 128128K, reserved 1179648K
  class space    used 14643K, committed 15552K, reserved 1048576K
}
Event: 1261.107 GC heap after
{Heap after GC invocations=148 (full 47):
 garbage-first heap   total 172032K, used 48236K [0x0000000702600000, 0x0000000800000000)
  region size 2048K, 0 young (0K), 0 survivors (0K)
 Metaspace       used 126280K, committed 128128K, reserved 1179648K
  class space    used 14642K, committed 15552K, reserved 1048576K
}
Event: 1261.742 GC heap before
{Heap before GC invocations=148 (full 47):
 garbage-first heap   total 172032K, used 128108K [0x0000000702600000, 0x0000000800000000)
  region size 2048K, 39 young (79872K), 0 survivors (0K)
 Metaspace       used 126969K, committed 128832K, reserved 1179648K
  class space    used 14693K, committed 15616K, reserved 1048576K
}
Event: 1261.745 GC heap after
{Heap after GC invocations=149 (full 47):
 garbage-first heap   total 172032K, used 54532K [0x0000000702600000, 0x0000000800000000)
  region size 2048K, 4 young (8192K), 4 survivors (8192K)
 Metaspace       used 126969K, committed 128832K, reserved 1179648K
  class space    used 14693K, committed 15616K, reserved 1048576K
}
Event: 1398.983 GC heap before
{Heap before GC invocations=149 (full 47):
 garbage-first heap   total 172032K, used 126212K [0x0000000702600000, 0x0000000800000000)
  region size 2048K, 40 young (81920K), 4 survivors (8192K)
 Metaspace       used 127652K, committed 129536K, reserved 1179648K
  class space    used 14761K, committed 15744K, reserved 1048576K
}
Event: 1398.987 GC heap after
{Heap after GC invocations=150 (full 47):
 garbage-first heap   total 172032K, used 57713K [0x0000000702600000, 0x0000000800000000)
  region size 2048K, 3 young (6144K), 3 survivors (6144K)
 Metaspace       used 127652K, committed 129536K, reserved 1179648K
  class space    used 14761K, committed 15744K, reserved 1048576K
}

